[2023-07-08 18:52:37,245: INFO: data_cleaning_pipeline: File loaded.]
[2023-07-08 18:52:37,253: INFO: data_cleaning_pipeline: All required columns exists in the file.]
[2023-07-08 18:52:38,959: INFO: data_cleaning_pipeline: File loaded.]
[2023-07-08 18:52:38,966: INFO: data_cleaning_pipeline: All required columns exists in the file.]
[2023-07-08 18:52:39,075: INFO: data_cleaning_pipeline: Features are converted to correct format.]
[2023-07-08 18:52:39,262: INFO: data_cleaning_pipeline: 2.75% of the data removed.]
[2023-07-08 18:52:39,720: INFO: data_cleaning_pipeline: 316 values are modified.]
[2023-07-08 18:53:26,934: INFO: data_cleaning_pipeline: File loaded.]
[2023-07-08 18:53:26,940: INFO: data_cleaning_pipeline: All required columns exists in the file.]
[2023-07-08 18:53:34,167: INFO: data_cleaning_pipeline: File loaded.]
[2023-07-08 18:53:34,173: INFO: data_cleaning_pipeline: All required columns exists in the file.]
[2023-07-08 18:53:41,567: INFO: data_cleaning_pipeline: File loaded.]
[2023-07-08 18:53:41,574: INFO: data_cleaning_pipeline: All required columns exists in the file.]
[2023-07-08 18:53:41,717: INFO: data_cleaning_pipeline: Features are converted to correct format.]
[2023-07-08 18:53:41,894: INFO: data_cleaning_pipeline: 2.75% of the data removed.]
[2023-07-08 18:53:42,353: INFO: data_cleaning_pipeline: 316 values are modified.]
[2023-07-08 18:53:58,539: INFO: data_cleaning_pipeline: File loaded.]
[2023-07-08 18:53:58,544: INFO: data_cleaning_pipeline: All required columns exists in the file.]
[2023-07-08 18:54:02,694: INFO: data_cleaning_pipeline: File loaded.]
[2023-07-08 18:54:02,700: INFO: data_cleaning_pipeline: All required columns exists in the file.]
[2023-07-08 18:54:04,760: INFO: data_cleaning_pipeline: File loaded.]
[2023-07-08 18:54:04,768: INFO: data_cleaning_pipeline: All required columns exists in the file.]
[2023-07-08 18:54:04,871: INFO: data_cleaning_pipeline: Features are converted to correct format.]
[2023-07-08 18:54:05,051: INFO: data_cleaning_pipeline: 2.75% of the data removed.]
[2023-07-08 18:54:05,505: INFO: data_cleaning_pipeline: 316 values are modified.]
[2023-07-08 18:54:39,575: INFO: data_cleaning_pipeline: File loaded.]
[2023-07-08 18:54:39,583: INFO: data_cleaning_pipeline: All required columns exists in the file.]
[2023-07-08 18:54:41,215: INFO: data_cleaning_pipeline: File loaded.]
[2023-07-08 18:54:41,222: INFO: data_cleaning_pipeline: All required columns exists in the file.]
[2023-07-08 18:54:41,333: INFO: data_cleaning_pipeline: Features are converted to correct format.]
[2023-07-08 18:54:41,510: INFO: data_cleaning_pipeline: 2.75% of the data removed.]
[2023-07-08 18:54:41,967: INFO: data_cleaning_pipeline: 316 values are modified.]
[2023-07-08 23:26:44,696: INFO: data_cleaning_pipeline: File loaded.]
[2023-07-08 23:26:44,704: INFO: data_cleaning_pipeline: All required columns exists in the file.]
[2023-07-08 23:26:47,222: INFO: data_cleaning_pipeline: File loaded.]
[2023-07-08 23:26:47,229: INFO: data_cleaning_pipeline: All required columns exists in the file.]
[2023-07-08 23:26:47,345: INFO: data_cleaning_pipeline: Features are converted to correct format.]
[2023-07-08 23:26:47,521: INFO: data_cleaning_pipeline: 2.75% of the data removed.]
[2023-07-08 23:26:47,972: INFO: data_cleaning_pipeline: 316 values are modified.]
[2023-07-08 23:32:34,633: INFO: data_cleaning_pipeline: File loaded.]
[2023-07-08 23:32:34,642: INFO: data_cleaning_pipeline: All required columns exists in the file.]
[2023-07-08 23:32:41,346: INFO: data_cleaning_pipeline: File loaded.]
[2023-07-08 23:32:41,353: INFO: data_cleaning_pipeline: All required columns exists in the file.]
[2023-07-08 23:32:43,029: INFO: data_cleaning_pipeline: File loaded.]
[2023-07-08 23:32:43,037: INFO: data_cleaning_pipeline: All required columns exists in the file.]
[2023-07-08 23:32:43,152: INFO: data_cleaning_pipeline: Features are converted to correct format.]
[2023-07-08 23:32:43,336: INFO: data_cleaning_pipeline: 2.75% of the data removed.]
[2023-07-08 23:32:43,783: INFO: data_cleaning_pipeline: 316 values are modified.]
[2023-07-08 23:35:52,876: INFO: data_cleaning_pipeline: File loaded.]
[2023-07-08 23:35:52,883: INFO: data_cleaning_pipeline: All required columns exists in the file.]
[2023-07-08 23:38:50,898: INFO: data_cleaning_pipeline: File loaded.]
[2023-07-08 23:38:50,906: INFO: data_cleaning_pipeline: All required columns exists in the file.]
[2023-07-08 23:38:55,348: INFO: data_cleaning_pipeline: File loaded.]
[2023-07-08 23:38:55,355: INFO: data_cleaning_pipeline: All required columns exists in the file.]
[2023-07-08 23:40:33,902: INFO: data_cleaning_pipeline: File loaded.]
[2023-07-08 23:40:33,911: INFO: data_cleaning_pipeline: All required columns exists in the file.]
[2023-07-08 23:42:45,338: INFO: data_cleaning_pipeline: File loaded.]
[2023-07-08 23:42:45,344: INFO: data_cleaning_pipeline: All required columns exists in the file.]
[2023-07-08 23:42:49,512: INFO: data_cleaning_pipeline: File loaded.]
[2023-07-08 23:42:49,520: INFO: data_cleaning_pipeline: All required columns exists in the file.]
[2023-07-08 23:43:48,681: INFO: data_cleaning_pipeline: File loaded.]
[2023-07-08 23:43:48,688: INFO: data_cleaning_pipeline: All required columns exists in the file.]
[2023-07-08 23:45:39,762: INFO: data_cleaning_pipeline: File loaded.]
[2023-07-08 23:45:39,768: INFO: data_cleaning_pipeline: All required columns exists in the file.]
[2023-07-08 23:45:54,680: INFO: data_cleaning_pipeline: File loaded.]
[2023-07-08 23:45:54,698: INFO: data_cleaning_pipeline: All required columns exists in the file.]
[2023-07-08 23:45:54,782: INFO: data_cleaning_pipeline: File loaded.]
[2023-07-08 23:45:54,788: INFO: data_cleaning_pipeline: All required columns exists in the file.]
[2023-07-08 23:45:54,901: INFO: data_cleaning_pipeline: Features are converted to correct format.]
[2023-07-08 23:45:55,083: INFO: data_cleaning_pipeline: 2.75% of the data removed.]
[2023-07-08 23:45:55,522: INFO: data_cleaning_pipeline: 316 values are modified.]
[2023-07-08 23:47:04,033: INFO: data_cleaning_pipeline: File loaded.]
[2023-07-08 23:47:04,040: INFO: data_cleaning_pipeline: All required columns exists in the file.]
[2023-07-09 00:03:33,797: INFO: data_cleaning_pipeline: File loaded.]
[2023-07-09 00:03:33,803: INFO: data_cleaning_pipeline: All required columns exists in the file.]
[2023-07-09 00:03:43,035: INFO: data_cleaning_pipeline: File loaded.]
[2023-07-09 00:03:43,042: INFO: data_cleaning_pipeline: All required columns exists in the file.]
[2023-07-09 00:03:47,994: INFO: data_cleaning_pipeline: File loaded.]
[2023-07-09 00:03:48,001: INFO: data_cleaning_pipeline: All required columns exists in the file.]
[2023-07-09 00:03:48,113: INFO: data_cleaning_pipeline: Features are converted to correct format.]
[2023-07-09 00:03:48,293: INFO: data_cleaning_pipeline: 2.75% of the data removed.]
[2023-07-09 00:03:48,745: INFO: data_cleaning_pipeline: 316 values are modified.]
[2023-07-09 00:04:31,683: INFO: data_cleaning_pipeline: File loaded.]
[2023-07-09 00:04:31,690: INFO: data_cleaning_pipeline: All required columns exists in the file.]
[2023-07-09 00:06:04,367: INFO: data_cleaning_pipeline: File loaded.]
[2023-07-09 00:06:04,374: INFO: data_cleaning_pipeline: All required columns exists in the file.]
[2023-07-09 00:06:04,422: INFO: data_cleaning_pipeline: File loaded.]
[2023-07-09 00:06:04,436: INFO: data_cleaning_pipeline: All required columns exists in the file.]
[2023-07-09 00:06:06,659: INFO: data_cleaning_pipeline: File loaded.]
[2023-07-09 00:06:06,666: INFO: data_cleaning_pipeline: All required columns exists in the file.]
[2023-07-09 00:06:06,778: INFO: data_cleaning_pipeline: Features are converted to correct format.]
[2023-07-09 00:06:06,955: INFO: data_cleaning_pipeline: 2.75% of the data removed.]
[2023-07-09 00:06:07,396: INFO: data_cleaning_pipeline: 316 values are modified.]
[2023-07-09 00:09:16,061: INFO: data_cleaning_pipeline: File loaded.]
[2023-07-09 00:09:16,067: INFO: data_cleaning_pipeline: All required columns exists in the file.]
[2023-07-09 00:09:21,773: INFO: data_cleaning_pipeline: File loaded.]
[2023-07-09 00:09:21,780: INFO: data_cleaning_pipeline: All required columns exists in the file.]
[2023-07-09 00:09:21,890: INFO: data_cleaning_pipeline: Features are converted to correct format.]
[2023-07-09 00:09:22,069: INFO: data_cleaning_pipeline: 2.75% of the data removed.]
[2023-07-09 00:09:22,502: INFO: data_cleaning_pipeline: 316 values are modified.]
[2023-07-09 00:11:15,784: INFO: data_cleaning_pipeline: File loaded.]
[2023-07-09 00:11:15,791: INFO: data_cleaning_pipeline: All required columns exists in the file.]
[2023-07-09 00:11:18,657: INFO: data_cleaning_pipeline: File loaded.]
[2023-07-09 00:11:18,664: INFO: data_cleaning_pipeline: All required columns exists in the file.]
[2023-07-09 00:11:18,784: INFO: data_cleaning_pipeline: Features are converted to correct format.]
[2023-07-09 00:11:18,978: INFO: data_cleaning_pipeline: 2.75% of the data removed.]
[2023-07-09 00:11:19,451: INFO: data_cleaning_pipeline: 316 values are modified.]
[2023-07-09 00:12:16,719: INFO: data_cleaning_pipeline: File loaded.]
[2023-07-09 00:12:16,725: INFO: data_cleaning_pipeline: All required columns exists in the file.]
[2023-07-09 00:12:22,017: INFO: data_cleaning_pipeline: File loaded.]
[2023-07-09 00:12:22,024: INFO: data_cleaning_pipeline: All required columns exists in the file.]
[2023-07-09 00:12:24,744: INFO: data_cleaning_pipeline: File loaded.]
[2023-07-09 00:12:24,751: INFO: data_cleaning_pipeline: All required columns exists in the file.]
[2023-07-09 00:12:24,865: INFO: data_cleaning_pipeline: Features are converted to correct format.]
[2023-07-09 00:12:25,044: INFO: data_cleaning_pipeline: 2.75% of the data removed.]
[2023-07-09 00:12:25,495: INFO: data_cleaning_pipeline: 316 values are modified.]
[2023-07-09 00:12:57,398: INFO: data_cleaning_pipeline: File loaded.]
[2023-07-09 00:12:57,405: INFO: data_cleaning_pipeline: All required columns exists in the file.]
[2023-07-09 00:20:52,117: INFO: data_cleaning_pipeline: File loaded.]
[2023-07-09 00:20:52,126: INFO: data_cleaning_pipeline: All required columns exists in the file.]
[2023-07-09 00:21:04,844: INFO: data_cleaning_pipeline: File loaded.]
[2023-07-09 00:21:04,852: INFO: data_cleaning_pipeline: All required columns exists in the file.]
[2023-07-09 00:21:08,286: INFO: data_cleaning_pipeline: File loaded.]
[2023-07-09 00:21:08,305: INFO: data_cleaning_pipeline: All required columns exists in the file.]
[2023-07-09 00:21:08,376: INFO: data_cleaning_pipeline: File loaded.]
[2023-07-09 00:21:08,383: INFO: data_cleaning_pipeline: All required columns exists in the file.]
[2023-07-09 00:21:08,466: INFO: data_cleaning_pipeline: Features are converted to correct format.]
[2023-07-09 00:22:03,031: INFO: data_cleaning_pipeline: File loaded.]
[2023-07-09 00:22:03,037: INFO: data_cleaning_pipeline: All required columns exists in the file.]
[2023-07-09 00:22:03,130: INFO: data_cleaning_pipeline: Features are converted to correct format.]
[2023-07-09 00:22:03,228: INFO: data_cleaning_pipeline: 2.75% of the data removed.]
[2023-07-09 00:22:03,673: INFO: data_cleaning_pipeline: 316 values are modified.]
[2023-07-09 00:22:44,214: INFO: data_cleaning_pipeline: File loaded.]
[2023-07-09 00:22:44,219: INFO: data_cleaning_pipeline: All required columns exists in the file.]
[2023-07-09 00:23:57,970: INFO: data_cleaning_pipeline: File loaded.]
[2023-07-09 00:23:57,978: INFO: data_cleaning_pipeline: All required columns exists in the file.]
[2023-07-09 00:24:27,205: INFO: data_cleaning_pipeline: File loaded.]
[2023-07-09 00:24:27,216: INFO: data_cleaning_pipeline: All required columns exists in the file.]
[2023-07-09 00:24:27,257: INFO: data_cleaning_pipeline: File loaded.]
[2023-07-09 00:24:27,300: INFO: data_cleaning_pipeline: All required columns exists in the file.]
[2023-07-09 00:24:27,415: INFO: data_cleaning_pipeline: Features are converted to correct format.]
[2023-07-09 00:24:27,546: INFO: data_cleaning_pipeline: 2.75% of the data removed.]
[2023-07-09 00:24:27,981: INFO: data_cleaning_pipeline: 316 values are modified.]
[2023-07-09 00:25:00,376: INFO: data_cleaning_pipeline: File loaded.]
[2023-07-09 00:25:00,384: INFO: data_cleaning_pipeline: All required columns exists in the file.]
[2023-07-09 00:25:10,091: INFO: data_cleaning_pipeline: File loaded.]
[2023-07-09 00:25:10,098: INFO: data_cleaning_pipeline: All required columns exists in the file.]
[2023-07-09 00:37:09,495: INFO: data_cleaning_pipeline: File loaded.]
[2023-07-09 00:37:09,503: INFO: data_cleaning_pipeline: All required columns exists in the file.]
[2023-07-09 00:37:17,141: INFO: data_cleaning_pipeline: File loaded.]
[2023-07-09 00:37:17,148: INFO: data_cleaning_pipeline: All required columns exists in the file.]
[2023-07-09 00:38:00,410: INFO: data_cleaning_pipeline: File loaded.]
[2023-07-09 00:38:00,417: INFO: data_cleaning_pipeline: All required columns does not exist in the file.]
[2023-07-09 00:38:13,250: INFO: data_cleaning_pipeline: File loaded.]
[2023-07-09 00:38:13,257: INFO: data_cleaning_pipeline: All required columns does not exist in the file.]
[2023-07-09 00:38:17,221: INFO: data_cleaning_pipeline: File loaded.]
[2023-07-09 00:38:17,228: INFO: data_cleaning_pipeline: All required columns exists in the file.]
